#
# A fatal error has been detected by the Java Runtime Environment:
#
#  EXCEPTION_ACCESS_VIOLATION (0xc0000005) at pc=0x0000000061cd7a30, pid=2728, tid=1952
#
# JRE version: Java(TM) SE Runtime Environment (8.0_40-b25) (build 1.8.0_40-b25)
# Java VM: Java HotSpot(TM) 64-Bit Server VM (25.40-b25 mixed mode windows-amd64 compressed oops)
# Problematic frame:
# V  [jvm.dll+0x497a30]
#
# Failed to write core dump. Minidumps are not enabled by default on client versions of Windows
#
# If you would like to submit a bug report, please visit:
#   http://bugreport.java.com/bugreport/crash.jsp
#

---------------  T H R E A D  ---------------

Current thread (0x0000000054ddb000):  JavaThread "C2 CompilerThread0" daemon [_thread_in_native, id=1952, stack(0x0000000055f90000,0x0000000056090000)]

siginfo: ExceptionCode=0xc0000005, reading address 0x000000006a044778

Registers:
RAX=0x0000000000000000, RBX=0x0000000058275840, RCX=0x000000006a044778, RDX=0x0000000000000000
RSP=0x000000005608c3a0, RBP=0x0000000000000007, RSI=0x0000000000000038, RDI=0x000000005608c3f0
R8 =0x000000005e067df0, R9 =0x000000005608c620, R10=0x0000000061840000, R11=0x0000000000000000
R12=0x00000000000a7da0, R13=0x000000005bb08550, R14=0x0000000061840000, R15=0x00000000000003d8
RIP=0x0000000061cd7a30, EFLAGS=0x0000000000010246

Top of Stack: (sp=0x000000005608c3a0)
0x000000005608c3a0:   000000005bb08550 000000005b8a40b0
0x000000005608c3b0:   0000000000000000 000000005608c6d0
0x000000005608c3c0:   000000005608c600 0000000061cd3460
0x000000005608c3d0:   000000005e067e90 0000000058275840
0x000000005608c3e0:   00000000000010c9 0000000000000086
0x000000005608c3f0:   0000000000000000 0000000000000008
0x000000005608c400:   000000006a044778 0000000000000000
0x000000005608c410:   0000000059756a78 0000000000000025
0x000000005608c420:   000000005e067df0 0000000000002364
0x000000005608c430:   000000005bb08928 000000005bb08550
0x000000005608c440:   0000000000000000 0000000061c9ccc1
0x000000005608c450:   000000005608c8f0 0000000000000000
0x000000005608c460:   0000000061840000 00000000000010c9
0x000000005608c470:   000010ce00000000 0000000000000008
0x000000005608c480:   000000005bc88640 0000000000000025
0x000000005608c490:   0000000059756ba0 0000000000000025 

Instructions: (pc=0x0000000061cd7a30)
0x0000000061cd7a10:   48 8b 4f 20 48 39 04 0e 0f 84 9d 00 00 00 48 8b
0x0000000061cd7a20:   0c 0e 33 d2 33 c0 48 89 4f 10 66 0f 1f 44 00 00
0x0000000061cd7a30:   83 3c 08 00 0f 85 36 01 00 00 ff c2 48 83 c0 04
0x0000000061cd7a40:   83 fa 08 72 eb 48 8b 47 30 48 89 44 24 30 48 85 


Register to memory mapping:

RAX=0x0000000000000000 is an unknown value
RBX=0x0000000058275840 is an unknown value
RCX=0x000000006a044778 is an unknown value
RDX=0x0000000000000000 is an unknown value
RSP=0x000000005608c3a0 is pointing into the stack for thread: 0x0000000054ddb000
RBP=0x0000000000000007 is an unknown value
RSI=0x0000000000000038 is an unknown value
RDI=0x000000005608c3f0 is pointing into the stack for thread: 0x0000000054ddb000
R8 =0x000000005e067df0 is an unknown value
R9 =0x000000005608c620 is pointing into the stack for thread: 0x0000000054ddb000
R10=0x0000000061840000 is an unknown value
R11=0x0000000000000000 is an unknown value
R12=0x00000000000a7da0 is an unknown value
R13=0x000000005bb08550 is an unknown value
R14=0x0000000061840000 is an unknown value
R15=0x00000000000003d8 is an unknown value


Stack: [0x0000000055f90000,0x0000000056090000],  sp=0x000000005608c3a0,  free space=1008k
Native frames: (J=compiled Java code, j=interpreted, Vv=VM code, C=native code)
V  [jvm.dll+0x497a30]
V  [jvm.dll+0x493460]
V  [jvm.dll+0x45ccc1]
V  [jvm.dll+0x45f804]
V  [jvm.dll+0x46a73b]
V  [jvm.dll+0x46cd52]
V  [jvm.dll+0x4500d2]
V  [jvm.dll+0xa4312]
V  [jvm.dll+0xa4c4f]
V  [jvm.dll+0x241914]
V  [jvm.dll+0x29848a]
C  [msvcr100.dll+0x21d9f]
C  [msvcr100.dll+0x21e3b]
C  [kernel32.dll+0x15a4d]
C  [ntdll.dll+0x2b831]


Current CompileTask:
C2:11003851 10903       4       java.beans.MethodRef::find (62 bytes)


---------------  P R O C E S S  ---------------

Java Threads: ( => current thread )
  0x000000005a43c800 JavaThread "Stdin handler" [_thread_blocked, id=1976, stack(0x000000005d090000,0x000000005d190000)]
  0x000000005a43b800 JavaThread "Daemon worker Thread 5" [_thread_in_Java, id=3352, stack(0x000000005cca0000,0x000000005cda0000)]
  0x000000005a43b000 JavaThread "Cancel handler" [_thread_blocked, id=4188, stack(0x000000005a740000,0x000000005a840000)]
  0x000000005a43a000 JavaThread "Handler for socket connection from /127.0.0.1:49647 to /127.0.0.1:62900" [_thread_in_native, id=4448, stack(0x0000000058ab0000,0x0000000058bb0000)]
  0x000000005a439000 JavaThread "Daemon Thread 5" [_thread_blocked, id=3312, stack(0x00000000589a0000,0x0000000058aa0000)]
  0x0000000057776000 JavaThread "File lock request listener" [_thread_in_native, id=4488, stack(0x000000005a850000,0x000000005a950000)]
  0x000000005738a800 JavaThread "Incoming local TCP Connector on port 49647" [_thread_in_native, id=1012, stack(0x0000000058580000,0x0000000058680000)]
  0x0000000054df5000 JavaThread "Service Thread" daemon [_thread_blocked, id=3116, stack(0x0000000056200000,0x0000000056300000)]
  0x0000000054de7800 JavaThread "C1 CompilerThread1" daemon [_thread_blocked, id=3200, stack(0x0000000055bb0000,0x0000000055cb0000)]
=>0x0000000054ddb000 JavaThread "C2 CompilerThread0" daemon [_thread_in_native, id=1952, stack(0x0000000055f90000,0x0000000056090000)]
  0x0000000054dda000 JavaThread "Attach Listener" daemon [_thread_blocked, id=3940, stack(0x0000000055e20000,0x0000000055f20000)]
  0x0000000054dd9000 JavaThread "Signal Dispatcher" daemon [_thread_blocked, id=4744, stack(0x0000000055cb0000,0x0000000055db0000)]
  0x0000000054d6e000 JavaThread "Finalizer" daemon [_thread_blocked, id=3528, stack(0x00000000559e0000,0x0000000055ae0000)]
  0x0000000054d65000 JavaThread "Reference Handler" daemon [_thread_blocked, id=4632, stack(0x00000000556b0000,0x00000000557b0000)]
  0x0000000001c2f000 JavaThread "main" [_thread_blocked, id=1900, stack(0x0000000002520000,0x0000000002620000)]

Other Threads:
  0x0000000054d5f000 VMThread [stack: 0x0000000055800000,0x0000000055900000] [id=3596]
  0x0000000054df8800 WatcherThread [stack: 0x0000000056090000,0x0000000056190000] [id=4136]

VM state:not at safepoint (normal execution)

VM Mutex/Monitor currently owned by a thread: None

Heap:
 PSYoungGen      total 319488K, used 235801K [0x00000000eab00000, 0x00000000ffc00000, 0x0000000100000000)
  eden space 314368K, 75% used [0x00000000eab00000,0x00000000f9146570,0x00000000fde00000)
  from space 5120K, 0% used [0x00000000fde00000,0x00000000fde00000,0x00000000fe300000)
  to   space 15360K, 0% used [0x00000000fed00000,0x00000000fed00000,0x00000000ffc00000)
 ParOldGen       total 91136K, used 29765K [0x00000000c0000000, 0x00000000c5900000, 0x00000000eab00000)
  object space 91136K, 32% used [0x00000000c0000000,0x00000000c1d115b8,0x00000000c5900000)
 Metaspace       used 55125K, capacity 56930K, committed 60928K, reserved 1101824K
  class space    used 7151K, capacity 7804K, committed 8960K, reserved 1048576K

Card table byte_map: [0x0000000011a60000,0x0000000011c70000] byte_map_base: 0x0000000011460000

Marking Bits: (ParMarkBitMap*) 0x0000000062044040
 Begin Bits: [0x0000000012230000, 0x0000000013230000)
 End Bits:   [0x0000000013230000, 0x0000000014230000)

Polling page: 0x0000000000340000

CodeCache: size=245760Kb used=33143Kb max_used=33143Kb free=212616Kb
 bounds [0x00000000026a0000, 0x0000000004730000, 0x00000000116a0000]
 total_blobs=9704 nmethods=8993 adapters=623
 compilation: enabled

Compilation events (10 events):
Event: 10999.523 Thread 0x0000000054de7800 10922       3       org.codehaus.groovy.runtime.callsite.CallSiteArray::createCallStaticSite (58 bytes)
Event: 10999.525 Thread 0x0000000054de7800 nmethod 10922 0x000000000471eb90 code [0x000000000471eec0, 0x0000000004720908]
Event: 11000.335 Thread 0x0000000054de7800 10923       3       org.gradle.language.base.internal.plugins.CleanRule::apply (106 bytes)
Event: 11000.336 Thread 0x0000000054de7800 nmethod 10923 0x0000000004721c50 code [0x0000000004721ec0, 0x0000000004723028]
Event: 11000.336 Thread 0x0000000054de7800 10924       3       org.gradle.api.internal.plugins.BuildConfigurationRule::apply (94 bytes)
Event: 11000.338 Thread 0x0000000054de7800 nmethod 10924 0x0000000004723710 code [0x0000000004723a00, 0x0000000004725228]
Event: 11000.338 Thread 0x0000000054de7800 10925       3       com.sun.proxy.$Proxy18::<init> (6 bytes)
Event: 11000.338 Thread 0x0000000054de7800 nmethod 10925 0x0000000002f486d0 code [0x0000000002f48860, 0x0000000002f48be8]
Event: 11000.338 Thread 0x0000000054de7800 10926   !   3       com.sun.proxy.$Proxy18::annotationType (29 bytes)
Event: 11000.339 Thread 0x0000000054de7800 nmethod 10926 0x000000000325e510 code [0x000000000325e6a0, 0x000000000325eab8]

GC Heap History (10 events):
Event: 9575.748 GC heap before
{Heap before GC invocations=22 (full 5):
 PSYoungGen      total 233984K, used 216064K [0x00000000eab00000, 0x00000000fff80000, 0x0000000100000000)
  eden space 216064K, 100% used [0x00000000eab00000,0x00000000f7e00000,0x00000000f7e00000)
  from space 17920K, 0% used [0x00000000f8e80000,0x00000000f8e80000,0x00000000fa000000)
  to   space 16896K, 0% used [0x00000000f7e00000,0x00000000f7e00000,0x00000000f8e80000)
 ParOldGen       total 91136K, used 50639K [0x00000000c0000000, 0x00000000c5900000, 0x00000000eab00000)
  object space 91136K, 55% used [0x00000000c0000000,0x00000000c3173db0,0x00000000c5900000)
 Metaspace       used 53932K, capacity 57402K, committed 57728K, reserved 1097728K
  class space    used 7405K, capacity 8485K, committed 8576K, reserved 1048576K
Event: 9584.223 GC heap after
Heap after GC invocations=22 (full 5):
 PSYoungGen      total 232960K, used 7198K [0x00000000eab00000, 0x00000000ffe00000, 0x0000000100000000)
  eden space 216064K, 0% used [0x00000000eab00000,0x00000000eab00000,0x00000000f7e00000)
  from space 16896K, 42% used [0x00000000f7e00000,0x00000000f85078a8,0x00000000f8e80000)
  to   space 16384K, 0% used [0x00000000fee00000,0x00000000fee00000,0x00000000ffe00000)
 ParOldGen       total 91136K, used 50647K [0x00000000c0000000, 0x00000000c5900000, 0x00000000eab00000)
  object space 91136K, 55% used [0x00000000c0000000,0x00000000c3175db0,0x00000000c5900000)
 Metaspace       used 53932K, capacity 57402K, committed 57728K, reserved 1097728K
  class space    used 7405K, capacity 8485K, committed 8576K, reserved 1048576K
}
Event: 9617.111 GC heap before
{Heap before GC invocations=23 (full 5):
 PSYoungGen      total 232960K, used 100285K [0x00000000eab00000, 0x00000000ffe00000, 0x0000000100000000)
  eden space 216064K, 43% used [0x00000000eab00000,0x00000000f05e7c58,0x00000000f7e00000)
  from space 16896K, 42% used [0x00000000f7e00000,0x00000000f85078a8,0x00000000f8e80000)
  to   space 16384K, 0% used [0x00000000fee00000,0x00000000fee00000,0x00000000ffe00000)
 ParOldGen       total 91136K, used 50647K [0x00000000c0000000, 0x00000000c5900000, 0x00000000eab00000)
  object space 91136K, 55% used [0x00000000c0000000,0x00000000c3175db0,0x00000000c5900000)
 Metaspace       used 56838K, capacity 60658K, committed 60928K, reserved 1101824K
  class space    used 7710K, capacity 8912K, committed 8960K, reserved 1048576K
Event: 9617.319 GC heap after
Heap after GC invocations=23 (full 5):
 PSYoungGen      total 329728K, used 3593K [0x00000000eab00000, 0x00000000ffd00000, 0x0000000100000000)
  eden space 314368K, 0% used [0x00000000eab00000,0x00000000eab00000,0x00000000fde00000)
  from space 15360K, 23% used [0x00000000fee00000,0x00000000ff1826b0,0x00000000ffd00000)
  to   space 15872K, 0% used [0x00000000fde00000,0x00000000fde00000,0x00000000fed80000)
 ParOldGen       total 91136K, used 52838K [0x00000000c0000000, 0x00000000c5900000, 0x00000000eab00000)
  object space 91136K, 57% used [0x00000000c0000000,0x00000000c3399ae8,0x00000000c5900000)
 Metaspace       used 56838K, capacity 60658K, committed 60928K, reserved 1101824K
  class space    used 7710K, capacity 8912K, committed 8960K, reserved 1048576K
}
Event: 9617.319 GC heap before
{Heap before GC invocations=24 (full 6):
 PSYoungGen      total 329728K, used 3593K [0x00000000eab00000, 0x00000000ffd00000, 0x0000000100000000)
  eden space 314368K, 0% used [0x00000000eab00000,0x00000000eab00000,0x00000000fde00000)
  from space 15360K, 23% used [0x00000000fee00000,0x00000000ff1826b0,0x00000000ffd00000)
  to   space 15872K, 0% used [0x00000000fde00000,0x00000000fde00000,0x00000000fed80000)
 ParOldGen       total 91136K, used 52838K [0x00000000c0000000, 0x00000000c5900000, 0x00000000eab00000)
  object space 91136K, 57% used [0x00000000c0000000,0x00000000c3399ae8,0x00000000c5900000)
 Metaspace       used 56838K, capacity 60658K, committed 60928K, reserved 1101824K
  class space    used 7710K, capacity 8912K, committed 8960K, reserved 1048576K
Event: 9627.396 GC heap after
Heap after GC invocations=24 (full 6):
 PSYoungGen      total 329728K, used 0K [0x00000000eab00000, 0x00000000ffd00000, 0x0000000100000000)
  eden space 314368K, 0% used [0x00000000eab00000,0x00000000eab00000,0x00000000fde00000)
  from space 15360K, 0% used [0x00000000fee00000,0x00000000fee00000,0x00000000ffd00000)
  to   space 15872K, 0% used [0x00000000fde00000,0x00000000fde00000,0x00000000fed80000)
 ParOldGen       total 91136K, used 47621K [0x00000000c0000000, 0x00000000c5900000, 0x00000000eab00000)
  object space 91136K, 52% used [0x00000000c0000000,0x00000000c2e81498,0x00000000c5900000)
 Metaspace       used 55660K, capacity 58920K, committed 60928K, reserved 1101824K
  class space    used 7480K, capacity 8488K, committed 8960K, reserved 1048576K
}
Event: 10806.557 GC heap before
{Heap before GC invocations=25 (full 6):
 PSYoungGen      total 329728K, used 144022K [0x00000000eab00000, 0x00000000ffd00000, 0x0000000100000000)
  eden space 314368K, 45% used [0x00000000eab00000,0x00000000f37a5af0,0x00000000fde00000)
  from space 15360K, 0% used [0x00000000fee00000,0x00000000fee00000,0x00000000ffd00000)
  to   space 15872K, 0% used [0x00000000fde00000,0x00000000fde00000,0x00000000fed80000)
 ParOldGen       total 91136K, used 47621K [0x00000000c0000000, 0x00000000c5900000, 0x00000000eab00000)
  object space 91136K, 52% used [0x00000000c0000000,0x00000000c2e81498,0x00000000c5900000)
 Metaspace       used 56433K, capacity 60120K, committed 60928K, reserved 1101824K
  class space    used 7571K, capacity 8686K, committed 8960K, reserved 1048576K
Event: 10806.594 GC heap after
Heap after GC invocations=25 (full 6):
 PSYoungGen      total 319488K, used 4816K [0x00000000eab00000, 0x00000000ffc00000, 0x0000000100000000)
  eden space 314368K, 0% used [0x00000000eab00000,0x00000000eab00000,0x00000000fde00000)
  from space 5120K, 94% used [0x00000000fde00000,0x00000000fe2b4010,0x00000000fe300000)
  to   space 15360K, 0% used [0x00000000fed00000,0x00000000fed00000,0x00000000ffc00000)
 ParOldGen       total 91136K, used 47629K [0x00000000c0000000, 0x00000000c5900000, 0x00000000eab00000)
  object space 91136K, 52% used [0x00000000c0000000,0x00000000c2e83498,0x00000000c5900000)
 Metaspace       used 56433K, capacity 60120K, committed 60928K, reserved 1101824K
  class space    used 7571K, capacity 8686K, committed 8960K, reserved 1048576K
}
Event: 10806.594 GC heap before
{Heap before GC invocations=26 (full 7):
 PSYoungGen      total 319488K, used 4816K [0x00000000eab00000, 0x00000000ffc00000, 0x0000000100000000)
  eden space 314368K, 0% used [0x00000000eab00000,0x00000000eab00000,0x00000000fde00000)
  from space 5120K, 94% used [0x00000000fde00000,0x00000000fe2b4010,0x00000000fe300000)
  to   space 15360K, 0% used [0x00000000fed00000,0x00000000fed00000,0x00000000ffc00000)
 ParOldGen       total 91136K, used 47629K [0x00000000c0000000, 0x00000000c5900000, 0x00000000eab00000)
  object space 91136K, 52% used [0x00000000c0000000,0x00000000c2e83498,0x00000000c5900000)
 Metaspace       used 56433K, capacity 60120K, committed 60928K, reserved 1101824K
  class space    used 7571K, capacity 8686K, committed 8960K, reserved 1048576K
Event: 10807.080 GC heap after
Heap after GC invocations=26 (full 7):
 PSYoungGen      total 319488K, used 0K [0x00000000eab00000, 0x00000000ffc00000, 0x0000000100000000)
  eden space 314368K, 0% used [0x00000000eab00000,0x00000000eab00000,0x00000000fde00000)
  from space 5120K, 0% used [0x00000000fde00000,0x00000000fde00000,0x00000000fe300000)
  to   space 15360K, 0% used [0x00000000fed00000,0x00000000fed00000,0x00000000ffc00000)
 ParOldGen       total 91136K, used 29765K [0x00000000c0000000, 0x00000000c5900000, 0x00000000eab00000)
  object space 91136K, 32% used [0x00000000c0000000,0x00000000c1d115b8,0x00000000c5900000)
 Metaspace       used 54511K, capacity 55858K, committed 60928K, reserved 1101824K
  class space    used 6983K, capacity 7448K, committed 8960K, reserved 1048576K
}

Deoptimization events (10 events):
Event: 10807.111 Thread 0x0000000001c2f000 Uncommon trap: reason=class_check action=maybe_recompile pc=0x0000000002c22b00 method=java.util.concurrent.ConcurrentHashMap.putVal(Ljava/lang/Object;Ljava/lang/Object;Z)Ljava/lang/Object; @ 192
Event: 10807.118 Thread 0x0000000001c2f000 Uncommon trap: reason=class_check action=maybe_recompile pc=0x0000000002c22b00 method=java.util.concurrent.ConcurrentHashMap.putVal(Ljava/lang/Object;Ljava/lang/Object;Z)Ljava/lang/Object; @ 192
Event: 10807.150 Thread 0x000000005a439000 Uncommon trap: reason=class_check action=maybe_recompile pc=0x00000000029bc718 method=java.lang.String.equals(Ljava/lang/Object;)Z @ 8
Event: 10807.158 Thread 0x000000005a439000 Uncommon trap: reason=unstable_if action=reinterpret pc=0x00000000045f98f0 method=java.lang.Class.arrayContentsEq([Ljava/lang/Object;[Ljava/lang/Object;)Z @ 10
Event: 10989.727 Thread 0x000000005a43b800 Uncommon trap: reason=predicate action=maybe_recompile pc=0x00000000044687c4 method=java.util.TimSort.binarySort([Ljava/lang/Object;IIILjava/util/Comparator;)V @ 37
Event: 10998.386 Thread 0x000000005a43b800 Uncommon trap: reason=array_check action=maybe_recompile pc=0x000000000446cb54 method=java.util.TimSort.binarySort([Ljava/lang/Object;IIILjava/util/Comparator;)V @ 215
Event: 10998.390 Thread 0x000000005a43b800 Uncommon trap: reason=array_check action=maybe_recompile pc=0x000000000446cb54 method=java.util.TimSort.binarySort([Ljava/lang/Object;IIILjava/util/Comparator;)V @ 215
Event: 10998.393 Thread 0x000000005a43b800 Uncommon trap: reason=array_check action=maybe_recompile pc=0x000000000446cb54 method=java.util.TimSort.binarySort([Ljava/lang/Object;IIILjava/util/Comparator;)V @ 215
Event: 10998.393 Thread 0x000000005a43b800 Uncommon trap: reason=array_check action=maybe_recompile pc=0x000000000446cc18 method=java.util.TimSort.binarySort([Ljava/lang/Object;IIILjava/util/Comparator;)V @ 193
Event: 10998.393 Thread 0x000000005a43b800 Uncommon trap: reason=array_check action=maybe_recompile pc=0x000000000446cb54 method=java.util.TimSort.binarySort([Ljava/lang/Object;IIILjava/util/Comparator;)V @ 215

Internal exceptions (10 events):
Event: 10987.745 Thread 0x000000005a43a000 Exception <a 'java/lang/NoSuchMethodError': <clinit>> (0x00000000eb2cfc10) thrown at [D:\re\workspace\8-2-build-windows-amd64-cygwin\jdk8u40\2855\hotspot\src\share\vm\prims\jni.cpp, line 1598]
Event: 10987.745 Thread 0x000000005a43a000 Exception <a 'java/lang/NoSuchMethodError': <clinit>> (0x00000000eb2d6ce0) thrown at [D:\re\workspace\8-2-build-windows-amd64-cygwin\jdk8u40\2855\hotspot\src\share\vm\prims\jni.cpp, line 1598]
Event: 10987.792 Thread 0x000000005a43b800 Exception <a 'java/lang/NoSuchMethodError': <clinit>> (0x00000000eb80c188) thrown at [D:\re\workspace\8-2-build-windows-amd64-cygwin\jdk8u40\2855\hotspot\src\share\vm\prims\jni.cpp, line 1598]
Event: 10988.022 Thread 0x000000005a43b800 Exception <a 'java/lang/ClassNotFoundException': asLocalRepo13_cml97tkrepcrw10q0qcfy6o2iBeanInfo> (0x00000000eb86f350) thrown at [D:\re\workspace\8-2-build-windows-amd64-cygwin\jdk8u40\2855\hotspot\src\share\vm\classfile\systemDictionary.cpp, line 210]
Event: 10988.022 Thread 0x000000005a43b800 Exception <a 'java/lang/ClassNotFoundException': asLocalRepo13_cml97tkrepcrw10q0qcfy6o2iCustomizer> (0x00000000eb877fd8) thrown at [D:\re\workspace\8-2-build-windows-amd64-cygwin\jdk8u40\2855\hotspot\src\share\vm\classfile\systemDictionary.cpp, line 210]
Event: 10988.158 Thread 0x000000005a43b800 Exception <a 'java/lang/NoSuchMethodError': <clinit>> (0x00000000ebf6e0f0) thrown at [D:\re\workspace\8-2-build-windows-amd64-cygwin\jdk8u40\2855\hotspot\src\share\vm\prims\jni.cpp, line 1598]
Event: 10988.256 Thread 0x000000005a43b800 Exception <a 'java/lang/NoSuchMethodError': <clinit>> (0x00000000ed7386f0) thrown at [D:\re\workspace\8-2-build-windows-amd64-cygwin\jdk8u40\2855\hotspot\src\share\vm\prims\jni.cpp, line 1598]
Event: 10988.256 Thread 0x000000005a43b800 Exception <a 'java/lang/NoSuchMethodError': <clinit>> (0x00000000ed73b808) thrown at [D:\re\workspace\8-2-build-windows-amd64-cygwin\jdk8u40\2855\hotspot\src\share\vm\prims\jni.cpp, line 1598]
Event: 10990.052 Thread 0x000000005a43b800 Exception <a 'java/lang/ClassNotFoundException': groovy/runtime/metaclass/[Lcom/android/build/gradle/internal/ConfigurationProvider;MetaClass> (0x00000000f2cced70) thrown at [D:\re\workspace\8-2-build-windows-amd64-cygwin\jdk8u40\2855\hotspot\src\share\vm\<_ÚΩw≈@
Event: 10990.131 Thread 0x000000005a43b800 Exception <a 'java/lang/ClassNotFoundException': groovy/runtime/metaclass/[Lcom/android/builder/profile/Recorder$Property;MetaClass> (0x00000000f2ea88f8) thrown at [D:\re\workspace\8-2-build-windows-amd64-cygwin\jdk8u40\2855\hotspot\src\share\vm\prims\jni.-HRﬂu≈@

Events (10 events):
Event: 10999.261 loading class groovy/runtime/metaclass/com/android/build/gradle/tasks/Dex$ConfigAction$1MetaClass
Event: 10999.261 loading class groovy/runtime/metaclass/com/android/build/gradle/tasks/Dex$ConfigAction$1MetaClass done
Event: 10999.525 loading class groovy/runtime/metaclass/com/android/build/gradle/tasks/NdkCompile_DecoratedMetaClass
Event: 10999.525 loading class groovy/runtime/metaclass/com/android/build/gradle/tasks/NdkCompile_DecoratedMetaClass done
Event: 10999.610 Thread 0x000000005a43b800 DEOPT PACKING pc=0x0000000003f68089 sp=0x000000005cd97df0
Event: 10999.610 Thread 0x000000005a43b800 DEOPT UNPACKING pc=0x00000000026e71bf sp=0x000000005cd97b50 mode 0
Event: 11000.346 loading class groovy/runtime/metaclass/com/android/build/gradle/tasks/PackageApplication_DecoratedMetaClass
Event: 11000.346 loading class groovy/runtime/metaclass/com/android/build/gradle/tasks/PackageApplication_DecoratedMetaClass done
Event: 11001.099 loading class groovy/runtime/metaclass/com/android/build/gradle/internal/tasks/ValidateSigningTask_DecoratedMetaClass
Event: 11001.099 loading class groovy/runtime/metaclass/com/android/build/gradle/internal/tasks/ValidateSigningTask_DecoratedMetaClass done


Dynamic libraries:
0x000000013fa30000 - 0x000000013fa67000 	C:\Program Files\Java\jdk1.8.0_40\bin\java.exe
0x0000000077b80000 - 0x0000000077d29000 	C:\Windows\SYSTEM32\ntdll.dll
0x0000000077960000 - 0x0000000077a80000 	C:\Windows\system32\kernel32.dll
0x000007fefd960000 - 0x000007fefd9cc000 	C:\Windows\system32\KERNELBASE.dll
0x000007feff750000 - 0x000007feff82b000 	C:\Windows\system32\ADVAPI32.dll
0x000007fefe280000 - 0x000007fefe31f000 	C:\Windows\system32\msvcrt.dll
0x000007fefe420000 - 0x000007fefe43f000 	C:\Windows\SYSTEM32\sechost.dll
0x000007feffb20000 - 0x000007feffc4d000 	C:\Windows\system32\RPCRT4.dll
0x0000000077a80000 - 0x0000000077b7a000 	C:\Windows\system32\USER32.dll
0x000007fefe460000 - 0x000007fefe4c7000 	C:\Windows\system32\GDI32.dll
0x000007fefe320000 - 0x000007fefe32e000 	C:\Windows\system32\LPK.dll
0x000007fefe1b0000 - 0x000007fefe279000 	C:\Windows\system32\USP10.dll
0x000007fefbf90000 - 0x000007fefc184000 	C:\Windows\WinSxS\amd64_microsoft.windows.common-controls_6595b64144ccf1df_6.0.7601.18837_none_fa3b1e3d17594757\COMCTL32.dll
0x000007fefde90000 - 0x000007fefdf01000 	C:\Windows\system32\SHLWAPI.dll
0x000007fefe180000 - 0x000007fefe1ae000 	C:\Windows\system32\IMM32.DLL
0x000007fefdce0000 - 0x000007fefdde9000 	C:\Windows\system32\MSCTF.dll
0x000000006fe50000 - 0x000000006ff22000 	C:\Program Files\Java\jdk1.8.0_40\jre\bin\msvcr100.dll
0x0000000061840000 - 0x00000000620c3000 	C:\Program Files\Java\jdk1.8.0_40\jre\bin\server\jvm.dll
0x000007fef05c0000 - 0x000007fef05c9000 	C:\Windows\system32\WSOCK32.dll
0x000007fefe330000 - 0x000007fefe37d000 	C:\Windows\system32\WS2_32.dll
0x000007feff740000 - 0x000007feff748000 	C:\Windows\system32\NSI.dll
0x000007fef9f30000 - 0x000007fef9f6b000 	C:\Windows\system32\WINMM.dll
0x000007fefca10000 - 0x000007fefca1c000 	C:\Windows\system32\VERSION.dll
0x0000000077d40000 - 0x0000000077d47000 	C:\Windows\system32\PSAPI.DLL
0x00000000743d0000 - 0x00000000743df000 	C:\Program Files\Java\jdk1.8.0_40\jre\bin\verify.dll
0x0000000070940000 - 0x0000000070969000 	C:\Program Files\Java\jdk1.8.0_40\jre\bin\java.dll
0x0000000074350000 - 0x0000000074366000 	C:\Program Files\Java\jdk1.8.0_40\jre\bin\zip.dll
0x000007fefe9b0000 - 0x000007feff739000 	C:\Windows\system32\SHELL32.dll
0x000007feff910000 - 0x000007feffb13000 	C:\Windows\system32\ole32.dll
0x000007fefd920000 - 0x000007fefd92f000 	C:\Windows\system32\profapi.dll
0x0000000074390000 - 0x00000000743aa000 	C:\Program Files\Java\jdk1.8.0_40\jre\bin\net.dll
0x000007fefd0c0000 - 0x000007fefd115000 	C:\Windows\system32\mswsock.dll
0x000007fefd0b0000 - 0x000007fefd0b7000 	C:\Windows\System32\wship6.dll
0x00000000707f0000 - 0x0000000070801000 	C:\Program Files\Java\jdk1.8.0_40\jre\bin\nio.dll
0x000007feeffe0000 - 0x000007feefff2000 	C:\Users\user\.gradle\native\19\windows-amd64\native-platform.dll
0x000007fefb5e0000 - 0x000007fefb607000 	C:\Windows\system32\IPHLPAPI.DLL
0x000007fefb5a0000 - 0x000007fefb5ab000 	C:\Windows\system32\WINNSI.DLL
0x000007fefb2e0000 - 0x000007fefb2f1000 	C:\Windows\system32\dhcpcsvc6.DLL
0x000007fefb260000 - 0x000007fefb278000 	C:\Windows\system32\dhcpcsvc.DLL
0x000007fefd120000 - 0x000007fefd138000 	C:\Windows\system32\CRYPTSP.dll
0x000007fefce20000 - 0x000007fefce67000 	C:\Windows\system32\rsaenh.dll
0x000007fefdaa0000 - 0x000007fefdabe000 	C:\Windows\system32\USERENV.dll
0x000007fefd780000 - 0x000007fefd78f000 	C:\Windows\system32\CRYPTBASE.dll
0x000007fefd720000 - 0x000007fefd777000 	C:\Windows\system32\apphelp.dll
0x00000000743e0000 - 0x00000000743ed000 	C:\Program Files\Java\jdk1.8.0_40\jre\bin\management.dll
0x000007feec330000 - 0x000007feec455000 	C:\Windows\system32\dbghelp.dll

VM Arguments:
jvm_args: -XX:MaxPermSize=256m -XX:+HeapDumpOnOutOfMemoryError -Xmx1024m -Dfile.encoding=x-windows-950 -Duser.country=TW -Duser.language=zh -Duser.variant 
java_command: org.gradle.launcher.daemon.bootstrap.GradleDaemon 2.4 C:\Users\user\.gradle C:\Users\user\.gradle\daemon 10800000 4cec82e1-a292-4221-bfd2-f0a04e7636fe -XX:MaxPermSize=256m -XX:+HeapDumpOnOutOfMemoryError -Xmx1024m -Dfile.encoding=x-windows-950 -Duser.country=TW -Duser.language=zh -Duser.variant
java_class_path (initial): C:\Program Files\Android\Android Studio\gradle\gradle-2.4\lib\gradle-launcher-2.4.jar
Launcher Type: SUN_STANDARD

Environment Variables:
JAVA_HOME=C:\Program Files\Java\jdk1.8.0_40
CLASSPATH=C:\Program Files\Java\jdk1.8.0_40\lib;C:\Program Files\Java\jdk1.8.0_40\jre\lib
PATH=C:\Windows\system32;C:\Windows;C:\Windows\System32\Wbem;C:\Windows\System32\WindowsPowerShell\v1.0\;c:\Program Files (x86)\Microsoft SQL Server\110\Tools\Binn\;c:\Program Files\Microsoft SQL Server\110\Tools\Binn\;c:\Program Files\Microsoft SQL Server\110\DTS\Binn\;c:\Program Files (x86)\Microsoft SQL Server\110\Tools\Binn\ManagementStudio\;c:\Program Files (x86)\Microsoft SQL Server\110\DTS\Binn\;C:\Program Files (x86)\Skype\Phone\;C:\Program Files\TortoiseSVN\bin;C:\Program Files\Java\jdk1.8.0_40\bin;C:\Program Files (x86)\Windows Kits\8.1\Windows Performance Toolkit\;C:\Program Files (x86)\Microsoft SDKs\TypeScript\1.0\;C:\Program Files (x86)\MySQL\MySQL Fabric 1.5.4 & MySQL Utilities 1.5.4 1.5\;C:\Program Files (x86)\MySQL\MySQL Fabric 1.5.4 & MySQL Utilities 1.5.4 1.5\Doctrine extensions for PHP\;C:\AppServ\Apache2.2\bin;C:\AppServ\php5;C:\AppServ\MySQL\bin;C:\Users\user\Desktop\adt-bundle-windows-x86_64-20140702\sdk\platform-tools
USERNAME=user
OS=Windows_NT
PROCESSOR_IDENTIFIER=Intel64 Family 6 Model 15 Stepping 6, GenuineIntel



---------------  S Y S T E M  ---------------

OS: Windows 7 , 64 bit Build 7601 (6.1.7601.19018)

CPU:total 2 (2 cores per cpu, 1 threads per core) family 6 model 15 stepping 6, cmov, cx8, fxsr, mmx, sse, sse2, sse3, ssse3, tsc

Memory: 4k page, physical 3136568k(354920k free), swap 6271300k(1404344k free)

vm_info: Java HotSpot(TM) 64-Bit Server VM (25.40-b25) for windows-amd64 JRE (1.8.0_40-b25), built on Feb 10 2015 21:53:57 by "java_re" with MS VC++ 10.0 (VS2010)

time: Tue Dec 15 13:56:14 2015
elapsed time: 11003 seconds (0d 3h 3m 23s)

