#
# A fatal error has been detected by the Java Runtime Environment:
#
#  EXCEPTION_ACCESS_VIOLATION (0xc0000005) at pc=0x0000000069f5f38a, pid=3432, tid=2924
#
# JRE version: Java(TM) SE Runtime Environment (8.0_40-b25) (build 1.8.0_40-b25)
# Java VM: Java HotSpot(TM) 64-Bit Server VM (25.40-b25 mixed mode windows-amd64 compressed oops)
# Problematic frame:
# V  [jvm.dll+0x3ef38a]
#
# Failed to write core dump. Minidumps are not enabled by default on client versions of Windows
#
# If you would like to submit a bug report, please visit:
#   http://bugreport.java.com/bugreport/crash.jsp
#

---------------  T H R E A D  ---------------

Current thread (0x00000000023b4800):  GCTaskThread [stack: 0x0000000011f80000,0x0000000012080000] [id=2924]

siginfo: ExceptionCode=0xc0000005, reading address 0x0000000000000115

Registers:
RAX=0x000000000000000d, RBX=0x00000000000001db, RCX=0x00000000c6fdeb90, RDX=0x0000000054b49e40
RSP=0x000000001207f780, RBP=0x0000000000000000, RSI=0x0000000054b49e40, RDI=0x0000000000000000
R8 =0x00000000c8755ac0, R9 =0x00000000c6fdeb90, R10=0x000000000000000c, R11=0x00000000000001db
R12=0x000000006a1b4a88, R13=0x00000000023b2180, R14=0x00000000023b51d0, R15=0x0000000000000000
RIP=0x0000000069f5f38a, EFLAGS=0x0000000000010206

Top of Stack: (sp=0x000000001207f780)
0x000000001207f780:   0000000054fb0f18 0000000000000000
0x000000001207f790:   0000000054b49e40 000000006a1b4a88
0x000000001207f7a0:   00000000c0635258 0000000069f63518
0x000000001207f7b0:   000000006a374040 0000000000000005
0x000000001207f7c0:   00001350000007c7 0000000069c826e9
0x000000001207f7d0:   00000000c3596a24 0000000069c82b86
0x000000001207f7e0:   00000000c0635258 00000000023b2180
0x000000001207f7f0:   00000000023b51e0 00000000023b51d0
0x000000001207f800:   000000006a1b4a88 0000000000000000
0x000000001207f810:   0000000054af58a0 0000000000000000
0x000000001207f820:   0000000054b49e40 0000000069f5cd7f
0x000000001207f830:   00000000c8755ac0 0000000000000000
0x000000001207f840:   0000000054af58a0 000000006a1b4a88
0x000000001207f850:   0000000000000000 0000000000000000
0x000000001207f860:   0000000054af58a0 0000000069f5a29e
0x000000001207f870:   0000000000000011 00000000023b4800 

Instructions: (pc=0x0000000069f5f38a)
0x0000000069f5f36a:   00 74 28 8b 0d 35 14 3a 00 45 8b 48 08 48 8b d6
0x0000000069f5f37a:   49 d3 e1 4c 03 0d 1c 14 3a 00 49 8b c9 49 8b 01
0x0000000069f5f38a:   ff 90 08 01 00 00 e9 1b ff ff ff 4d 8b 48 08 48
0x0000000069f5f39a:   8b d6 49 8b 01 49 8b c9 ff 90 08 01 00 00 e9 03 


Register to memory mapping:

RAX=0x000000000000000d is an unknown value
RBX=0x00000000000001db is an unknown value
RCX=0x00000000c6fdeb90 is an oop
com.android.dx.rop.code.SourcePosition 
 - klass: 'com/android/dx/rop/code/SourcePosition'
RDX=0x0000000054b49e40 is an unknown value
RSP=0x000000001207f780 is an unknown value
RBP=0x0000000000000000 is an unknown value
RSI=0x0000000054b49e40 is an unknown value
RDI=0x0000000000000000 is an unknown value
R8 =0x00000000c8755ac0 is pointing into object: 0x00000000c8755ab8
com.android.dx.rop.code.PlainInsn 
 - klass: 'com/android/dx/rop/code/PlainInsn'
R9 =0x00000000c6fdeb90 is an oop
com.android.dx.rop.code.SourcePosition 
 - klass: 'com/android/dx/rop/code/SourcePosition'
R10=0x000000000000000c is an unknown value
R11=0x00000000000001db is an unknown value
R12=0x000000006a1b4a88 is an unknown value
R13=0x00000000023b2180 is an unknown value
R14=0x00000000023b51d0 is an unknown value
R15=0x0000000000000000 is an unknown value


Stack: [0x0000000011f80000,0x0000000012080000],  sp=0x000000001207f780,  free space=1021k
Native frames: (J=compiled Java code, j=interpreted, Vv=VM code, C=native code)


---------------  P R O C E S S  ---------------

Java Threads: ( => current thread )
  0x0000000054c46000 JavaThread "Service Thread" daemon [_thread_blocked, id=4636, stack(0x0000000055fd0000,0x00000000560d0000)]
  0x0000000054c38800 JavaThread "C1 CompilerThread1" daemon [_thread_blocked, id=3092, stack(0x0000000055ab0000,0x0000000055bb0000)]
  0x0000000054c2c000 JavaThread "C2 CompilerThread0" daemon [_thread_blocked, id=4060, stack(0x0000000055e20000,0x0000000055f20000)]
  0x0000000054c2b000 JavaThread "Attach Listener" daemon [_thread_blocked, id=3452, stack(0x0000000055680000,0x0000000055780000)]
  0x0000000054c0d800 JavaThread "Signal Dispatcher" daemon [_thread_blocked, id=2884, stack(0x0000000055ce0000,0x0000000055de0000)]
  0x0000000054bbc000 JavaThread "Finalizer" daemon [_thread_blocked, id=576, stack(0x0000000055bb0000,0x0000000055cb0000)]
  0x0000000054bb3000 JavaThread "Reference Handler" daemon [_thread_blocked, id=3964, stack(0x0000000055950000,0x0000000055a50000)]
  0x00000000004ae000 JavaThread "main" [_thread_blocked, id=4464, stack(0x0000000002510000,0x0000000002610000)]

Other Threads:
  0x0000000054bad000 VMThread [stack: 0x0000000055780000,0x0000000055880000] [id=1396]
  0x0000000054c49800 WatcherThread [stack: 0x0000000056200000,0x0000000056300000] [id=3176]

=>0x00000000023b4800 (exited) GCTaskThread [stack: 0x0000000011f80000,0x0000000012080000] [id=2924]

VM state:at safepoint (normal execution)

VM Mutex/Monitor currently owned by a thread:  ([mutex/lock_event])
[0x00000000004ac750] Threads_lock - owner thread: 0x0000000054bad000
[0x00000000004acc50] Heap_lock - owner thread: 0x00000000004ae000

Heap:
 PSYoungGen      total 267264K, used 28690K [0x00000000eab00000, 0x00000000ff700000, 0x0000000100000000)
  eden space 196608K, 0% used [0x00000000eab00000,0x00000000eab00000,0x00000000f6b00000)
  from space 70656K, 40% used [0x00000000fb200000,0x00000000fce04ba0,0x00000000ff700000)
  to   space 71680K, 0% used [0x00000000f6b00000,0x00000000f6b00000,0x00000000fb100000)
 ParOldGen       total 182272K, used 169551K [0x00000000c0000000, 0x00000000cb200000, 0x00000000eab00000)
  object space 182272K, 93% used [0x00000000c0000000,0x00000000ca593ff0,0x00000000cb200000)
 Metaspace       used 6075K, capacity 7152K, committed 7296K, reserved 1056768K
  class space    used 574K, capacity 616K, committed 640K, reserved 1048576K

Card table byte_map: [0x0000000011a50000,0x0000000011c60000] byte_map_base: 0x0000000011450000

Marking Bits: (ParMarkBitMap*) 0x000000006a374040
 Begin Bits: [0x0000000012080000, 0x0000000013080000)
 End Bits:   [0x0000000013080000, 0x0000000014080000)

Polling page: 0x00000000001d0000

CodeCache: size=245760Kb used=10397Kb max_used=10426Kb free=235362Kb
 bounds [0x0000000002690000, 0x00000000030d0000, 0x0000000011690000]
 total_blobs=2326 nmethods=2061 adapters=180
 compilation: enabled

Compilation events (10 events):
Event: 41.203 Thread 0x0000000054c38800 2612       2       com.android.dx.rop.cst.CstLiteral32::getLongBits (6 bytes)
Event: 41.203 Thread 0x0000000054c38800 nmethod 2612 0x00000000030b4150 code [0x00000000030b42a0, 0x00000000030b43f0]
Event: 41.204 Thread 0x0000000054c38800 2613       1       com.android.dx.rop.code.SwitchInsn::getCases (5 bytes)
Event: 41.205 Thread 0x0000000054c38800 nmethod 2613 0x00000000030b4490 code [0x00000000030b45e0, 0x00000000030b46f0]
Event: 41.205 Thread 0x0000000054c38800 2614       1       com.android.dx.dex.code.SwitchData::isPacked (5 bytes)
Event: 41.205 Thread 0x0000000054c38800 nmethod 2614 0x00000000030b4750 code [0x00000000030b48a0, 0x00000000030b49b0]
Event: 41.209 Thread 0x0000000054c38800 2615       1       com.android.dx.cf.code.BaseMachine::auxIntArg (6 bytes)
Event: 41.209 Thread 0x0000000054c38800 nmethod 2615 0x00000000030b4a10 code [0x00000000030b4b60, 0x00000000030b4c70]
Event: 41.245 Thread 0x0000000054c2c000 nmethod 2578 0x00000000030bc250 code [0x00000000030bc8c0, 0x00000000030c0ee0]
Event: 41.246 Thread 0x0000000054c2c000 2589       4       com.android.dx.ssa.DeadCodeRemover::run (194 bytes)

GC Heap History (10 events):
Event: 34.880 GC heap after
Heap after GC invocations=23 (full 5):
 PSYoungGen      total 251392K, used 0K [0x00000000eab00000, 0x00000000ff280000, 0x0000000100000000)
  eden space 171008K, 0% used [0x00000000eab00000,0x00000000eab00000,0x00000000f5200000)
  from space 80384K, 0% used [0x00000000fa180000,0x00000000fa180000,0x00000000ff000000)
  to   space 81408K, 0% used [0x00000000f5200000,0x00000000f5200000,0x00000000fa180000)
 ParOldGen       total 182272K, used 114378K [0x00000000c0000000, 0x00000000cb200000, 0x00000000eab00000)
  object space 182272K, 62% used [0x00000000c0000000,0x00000000c6fb2b70,0x00000000cb200000)
 Metaspace       used 5904K, capacity 7088K, committed 7296K, reserved 1056768K
  class space    used 555K, capacity 616K, committed 640K, reserved 1048576K
}
Event: 36.503 GC heap before
{Heap before GC invocations=24 (full 5):
 PSYoungGen      total 251392K, used 171008K [0x00000000eab00000, 0x00000000ff280000, 0x0000000100000000)
  eden space 171008K, 100% used [0x00000000eab00000,0x00000000f5200000,0x00000000f5200000)
  from space 80384K, 0% used [0x00000000fa180000,0x00000000fa180000,0x00000000ff000000)
  to   space 81408K, 0% used [0x00000000f5200000,0x00000000f5200000,0x00000000fa180000)
 ParOldGen       total 182272K, used 114378K [0x00000000c0000000, 0x00000000cb200000, 0x00000000eab00000)
  object space 182272K, 62% used [0x00000000c0000000,0x00000000c6fb2b70,0x00000000cb200000)
 Metaspace       used 5908K, capacity 7088K, committed 7296K, reserved 1056768K
  class space    used 555K, capacity 616K, committed 640K, reserved 1048576K
Event: 36.720 GC heap after
Heap after GC invocations=24 (full 5):
 PSYoungGen      total 252416K, used 32628K [0x00000000eab00000, 0x00000000ff800000, 0x0000000100000000)
  eden space 171008K, 0% used [0x00000000eab00000,0x00000000eab00000,0x00000000f5200000)
  from space 81408K, 40% used [0x00000000f5200000,0x00000000f71dd2a8,0x00000000fa180000)
  to   space 76800K, 0% used [0x00000000fad00000,0x00000000fad00000,0x00000000ff800000)
 ParOldGen       total 182272K, used 114378K [0x00000000c0000000, 0x00000000cb200000, 0x00000000eab00000)
  object space 182272K, 62% used [0x00000000c0000000,0x00000000c6fb2b70,0x00000000cb200000)
 Metaspace       used 5908K, capacity 7088K, committed 7296K, reserved 1056768K
  class space    used 555K, capacity 616K, committed 640K, reserved 1048576K
}
Event: 37.631 GC heap before
{Heap before GC invocations=25 (full 5):
 PSYoungGen      total 252416K, used 203636K [0x00000000eab00000, 0x00000000ff800000, 0x0000000100000000)
  eden space 171008K, 100% used [0x00000000eab00000,0x00000000f5200000,0x00000000f5200000)
  from space 81408K, 40% used [0x00000000f5200000,0x00000000f71dd2a8,0x00000000fa180000)
  to   space 76800K, 0% used [0x00000000fad00000,0x00000000fad00000,0x00000000ff800000)
 ParOldGen       total 182272K, used 114378K [0x00000000c0000000, 0x00000000cb200000, 0x00000000eab00000)
  object space 182272K, 62% used [0x00000000c0000000,0x00000000c6fb2b70,0x00000000cb200000)
 Metaspace       used 5910K, capacity 7088K, committed 7296K, reserved 1056768K
  class space    used 555K, capacity 616K, committed 640K, reserved 1048576K
Event: 38.121 GC heap after
Heap after GC invocations=25 (full 5):
 PSYoungGen      total 263168K, used 47203K [0x00000000eab00000, 0x00000000ffd80000, 0x0000000100000000)
  eden space 186368K, 0% used [0x00000000eab00000,0x00000000eab00000,0x00000000f6100000)
  from space 76800K, 61% used [0x00000000fad00000,0x00000000fdb18e28,0x00000000ff800000)
  to   space 77824K, 0% used [0x00000000f6100000,0x00000000f6100000,0x00000000fad00000)
 ParOldGen       total 182272K, used 131999K [0x00000000c0000000, 0x00000000cb200000, 0x00000000eab00000)
  object space 182272K, 72% used [0x00000000c0000000,0x00000000c80e7e60,0x00000000cb200000)
 Metaspace       used 5910K, capacity 7088K, committed 7296K, reserved 1056768K
  class space    used 555K, capacity 616K, committed 640K, reserved 1048576K
}
Event: 39.952 GC heap before
{Heap before GC invocations=26 (full 5):
 PSYoungGen      total 263168K, used 233571K [0x00000000eab00000, 0x00000000ffd80000, 0x0000000100000000)
  eden space 186368K, 100% used [0x00000000eab00000,0x00000000f6100000,0x00000000f6100000)
  from space 76800K, 61% used [0x00000000fad00000,0x00000000fdb18e28,0x00000000ff800000)
  to   space 77824K, 0% used [0x00000000f6100000,0x00000000f6100000,0x00000000fad00000)
 ParOldGen       total 182272K, used 131999K [0x00000000c0000000, 0x00000000cb200000, 0x00000000eab00000)
  object space 182272K, 72% used [0x00000000c0000000,0x00000000c80e7e60,0x00000000cb200000)
 Metaspace       used 5971K, capacity 7152K, committed 7296K, reserved 1056768K
  class space    used 555K, capacity 616K, committed 640K, reserved 1048576K
Event: 40.207 GC heap after
Heap after GC invocations=26 (full 5):
 PSYoungGen      total 264192K, used 28662K [0x00000000eab00000, 0x00000000ffb00000, 0x0000000100000000)
  eden space 186368K, 0% used [0x00000000eab00000,0x00000000eab00000,0x00000000f6100000)
  from space 77824K, 36% used [0x00000000f6100000,0x00000000f7cfda18,0x00000000fad00000)
  to   space 74752K, 0% used [0x00000000fb200000,0x00000000fb200000,0x00000000ffb00000)
 ParOldGen       total 182272K, used 141594K [0x00000000c0000000, 0x00000000cb200000, 0x00000000eab00000)
  object space 182272K, 77% used [0x00000000c0000000,0x00000000c8a46ac0,0x00000000cb200000)
 Metaspace       used 5971K, capacity 7152K, committed 7296K, reserved 1056768K
  class space    used 555K, capacity 616K, committed 640K, reserved 1048576K
}
Event: 41.246 GC heap before
{Heap before GC invocations=27 (full 5):
 PSYoungGen      total 264192K, used 215030K [0x00000000eab00000, 0x00000000ffb00000, 0x0000000100000000)
  eden space 186368K, 100% used [0x00000000eab00000,0x00000000f6100000,0x00000000f6100000)
  from space 77824K, 36% used [0x00000000f6100000,0x00000000f7cfda18,0x00000000fad00000)
  to   space 74752K, 0% used [0x00000000fb200000,0x00000000fb200000,0x00000000ffb00000)
 ParOldGen       total 182272K, used 141594K [0x00000000c0000000, 0x00000000cb200000, 0x00000000eab00000)
  object space 182272K, 77% used [0x00000000c0000000,0x00000000c8a46ac0,0x00000000cb200000)
 Metaspace       used 6075K, capacity 7152K, committed 7296K, reserved 1056768K
  class space    used 574K, capacity 616K, committed 640K, reserved 1048576K
Event: 41.573 GC heap after
Heap after GC invocations=27 (full 5):
 PSYoungGen      total 267264K, used 28690K [0x00000000eab00000, 0x00000000ff700000, 0x0000000100000000)
  eden space 196608K, 0% used [0x00000000eab00000,0x00000000eab00000,0x00000000f6b00000)
  from space 70656K, 40% used [0x00000000fb200000,0x00000000fce04ba0,0x00000000ff700000)
  to   space 71680K, 0% used [0x00000000f6b00000,0x00000000f6b00000,0x00000000fb100000)
 ParOldGen       total 182272K, used 169551K [0x00000000c0000000, 0x00000000cb200000, 0x00000000eab00000)
  object space 182272K, 93% used [0x00000000c0000000,0x00000000ca593ff0,0x00000000cb200000)
 Metaspace       used 6075K, capacity 7152K, committed 7296K, reserved 1056768K
  class space    used 574K, capacity 616K, committed 640K, reserved 1048576K
}
Event: 41.573 GC heap before
{Heap before GC invocations=28 (full 6):
 PSYoungGen      total 267264K, used 28690K [0x00000000eab00000, 0x00000000ff700000, 0x0000000100000000)
  eden space 196608K, 0% used [0x00000000eab00000,0x00000000eab00000,0x00000000f6b00000)
  from space 70656K, 40% used [0x00000000fb200000,0x00000000fce04ba0,0x00000000ff700000)
  to   space 71680K, 0% used [0x00000000f6b00000,0x00000000f6b00000,0x00000000fb100000)
 ParOldGen       total 182272K, used 169551K [0x00000000c0000000, 0x00000000cb200000, 0x00000000eab00000)
  object space 182272K, 93% used [0x00000000c0000000,0x00000000ca593ff0,0x00000000cb200000)
 Metaspace       used 6075K, capacity 7152K, committed 7296K, reserved 1056768K
  class space    used 574K, capacity 616K, committed 640K, reserved 1048576K

Deoptimization events (10 events):
Event: 39.655 Thread 0x00000000004ae000 Uncommon trap: reason=unstable_if action=reinterpret pc=0x0000000002bdb9cc method=com.android.dx.ssa.SsaRenamer$BlockRenamer.addMapping(ILcom/android/dx/rop/code/RegisterSpec;)V @ 120
Event: 39.815 Thread 0x00000000004ae000 Uncommon trap: reason=uninitialized action=reinterpret pc=0x0000000002c8a908 method=com.android.dx.cf.code.BytecodeArray.parseInstruction(ILcom/android/dx/cf/code/BytecodeArray$Visitor;)I @ 1079
Event: 40.266 Thread 0x00000000004ae000 Uncommon trap: reason=unstable_if action=reinterpret pc=0x0000000002c4f434 method=com.android.dx.ssa.MoveParamCombiner$1.visitNonMoveInsn(Lcom/android/dx/ssa/NormalSsaInsn;)V @ 71
Event: 40.467 Thread 0x00000000004ae000 Uncommon trap: reason=unstable_if action=reinterpret pc=0x000000000292bfe8 method=com.android.dx.ssa.SCCP.simulateStmt(Lcom/android/dx/ssa/SsaInsn;)V @ 435
Event: 40.483 Thread 0x00000000004ae000 Uncommon trap: reason=unloaded action=reinterpret pc=0x0000000002fc50e4 method=com.android.dx.cf.cst.ConstantPoolParser.parse0(ILjava/util/BitSet;)Lcom/android/dx/rop/cst/Constant; @ 220
Event: 40.562 Thread 0x00000000004ae000 Uncommon trap: reason=class_check action=maybe_recompile pc=0x0000000002db0b34 method=com.android.dx.cf.code.Ropper.processBlock(Lcom/android/dx/cf/code/ByteBlock;Lcom/android/dx/cf/code/Frame;[I)V @ 777
Event: 40.584 Thread 0x00000000004ae000 Uncommon trap: reason=unstable_if action=reinterpret pc=0x0000000002b65944 method=java.util.HashMap.putVal(ILjava/lang/Object;Ljava/lang/Object;ZZ)Ljava/lang/Object; @ 162
Event: 40.588 Thread 0x00000000004ae000 Uncommon trap: reason=unstable_if action=reinterpret pc=0x0000000002d1a3ac method=java.util.HashMap.getNode(ILjava/lang/Object;)Ljava/util/HashMap$Node; @ 84
Event: 41.112 Thread 0x00000000004ae000 Uncommon trap: reason=unstable_if action=reinterpret pc=0x0000000002848e2c method=java.util.HashMap.putVal(ILjava/lang/Object;Ljava/lang/Object;ZZ)Ljava/lang/Object; @ 162
Event: 41.203 Thread 0x00000000004ae000 Uncommon trap: reason=speculate_class_check action=maybe_recompile pc=0x0000000002c7cdd4 method=com.android.dx.rop.cst.TypedConstant.getBasicType()I @ 1

Internal exceptions (8 events):
Event: 0.334 Thread 0x00000000004ae000 Exception <a 'java/lang/NoSuchMethodError': Method sun.misc.Unsafe.defineClass(Ljava/lang/String;[BII)Ljava/lang/Class; name or signature does not match> (0x00000000eab12f48) thrown at [D:\re\workspace\8-2-build-windows-amd64-cygwin\jdk8u40\2855\hotspot\srðÇ*™cÕ?
Event: 0.334 Thread 0x00000000004ae000 Exception <a 'java/lang/NoSuchMethodError': Method sun.misc.Unsafe.prefetchRead(Ljava/lang/Object;J)V name or signature does not match> (0x00000000eab131d8) thrown at [D:\re\workspace\8-2-build-windows-amd64-cygwin\jdk8u40\2855\hotspot\src\share\vm\prims\j¯O—¤Ì7@
Event: 23.499 Thread 0x00000000004ae000 Implicit null exception at 0x0000000002967145 to 0x000000000296b071
Event: 23.511 Thread 0x00000000004ae000 Implicit null exception at 0x0000000002b72dca to 0x0000000002b72e6a
Event: 39.546 Thread 0x00000000004ae000 Implicit null exception at 0x0000000002e4950b to 0x0000000002e49b35
Event: 40.586 Thread 0x00000000004ae000 Exception <a 'java/lang/ArrayIndexOutOfBoundsException': 18> (0x00000000eea6af40) thrown at [D:\re\workspace\8-2-build-windows-amd64-cygwin\jdk8u40\2855\hotspot\src\share\vm\interpreter\interpreterRuntime.cpp, line 366]
Event: 40.587 Thread 0x00000000004ae000 Exception <a 'java/lang/ArrayIndexOutOfBoundsException'> (0x00000000eea6ca10) thrown at [D:\re\workspace\8-2-build-windows-amd64-cygwin\jdk8u40\2855\hotspot\src\share\vm\runtime\sharedRuntime.cpp, line 605]
Event: 40.587 Thread 0x00000000004ae000 Exception <a 'java/lang/ArrayIndexOutOfBoundsException'> (0x00000000eea6dc48) thrown at [D:\re\workspace\8-2-build-windows-amd64-cygwin\jdk8u40\2855\hotspot\src\share\vm\runtime\sharedRuntime.cpp, line 605]

Events (10 events):
Event: 41.166 Thread 0x00000000004ae000 DEOPT PACKING pc=0x0000000002f424b3 sp=0x000000000260e970
Event: 41.166 Thread 0x00000000004ae000 DEOPT UNPACKING pc=0x00000000026d71bf sp=0x000000000260e700 mode 0
Event: 41.203 Thread 0x00000000004ae000 Uncommon trap: trap_request=0xffffff76 fr.pc=0x0000000002c7cdd4
Event: 41.203 Thread 0x00000000004ae000 DEOPT PACKING pc=0x0000000002c7cdd4 sp=0x000000000260e8d0
Event: 41.203 Thread 0x00000000004ae000 DEOPT UNPACKING pc=0x00000000026d556a sp=0x000000000260e850 mode 2
Event: 41.218 Thread 0x00000000004ae000 DEOPT PACKING pc=0x0000000002b367fe sp=0x000000000260eaf0
Event: 41.218 Thread 0x00000000004ae000 DEOPT UNPACKING pc=0x00000000026d71bf sp=0x000000000260e868 mode 0
Event: 41.238 Thread 0x00000000004ae000 DEOPT PACKING pc=0x0000000002cf0e38 sp=0x000000000260ea10
Event: 41.238 Thread 0x00000000004ae000 DEOPT UNPACKING pc=0x00000000026d71bf sp=0x000000000260e840 mode 0
Event: 41.246 Executing VM operation: ParallelGCFailedAllocation


Dynamic libraries:
0x000000013f9a0000 - 0x000000013f9d7000 	C:\Program Files\Java\jdk1.8.0_40\bin\java.exe
0x0000000076e00000 - 0x0000000076fa9000 	C:\Windows\SYSTEM32\ntdll.dll
0x0000000076be0000 - 0x0000000076d00000 	C:\Windows\system32\kernel32.dll
0x000007fefcc70000 - 0x000007fefccdc000 	C:\Windows\system32\KERNELBASE.dll
0x000007fefee60000 - 0x000007fefef3b000 	C:\Windows\system32\ADVAPI32.dll
0x000007fefec20000 - 0x000007fefecbf000 	C:\Windows\system32\msvcrt.dll
0x000007fefef40000 - 0x000007fefef5f000 	C:\Windows\SYSTEM32\sechost.dll
0x000007fefd380000 - 0x000007fefd4ad000 	C:\Windows\system32\RPCRT4.dll
0x0000000076d00000 - 0x0000000076dfa000 	C:\Windows\system32\USER32.dll
0x000007fefef60000 - 0x000007fefefc7000 	C:\Windows\system32\GDI32.dll
0x000007fefecc0000 - 0x000007fefecce000 	C:\Windows\system32\LPK.dll
0x000007fefd4b0000 - 0x000007fefd579000 	C:\Windows\system32\USP10.dll
0x000007fefb210000 - 0x000007fefb404000 	C:\Windows\WinSxS\amd64_microsoft.windows.common-controls_6595b64144ccf1df_6.0.7601.18837_none_fa3b1e3d17594757\COMCTL32.dll
0x000007fefecd0000 - 0x000007fefed41000 	C:\Windows\system32\SHLWAPI.dll
0x000007fefd170000 - 0x000007fefd19e000 	C:\Windows\system32\IMM32.DLL
0x000007fefed50000 - 0x000007fefee59000 	C:\Windows\system32\MSCTF.dll
0x0000000073f70000 - 0x0000000074042000 	C:\Program Files\Java\jdk1.8.0_40\jre\bin\msvcr100.dll
0x0000000069b70000 - 0x000000006a3f3000 	C:\Program Files\Java\jdk1.8.0_40\jre\bin\server\jvm.dll
0x000007fefb1e0000 - 0x000007fefb1e9000 	C:\Windows\system32\WSOCK32.dll
0x000007fefdbd0000 - 0x000007fefdc1d000 	C:\Windows\system32\WS2_32.dll
0x000007fefd740000 - 0x000007fefd748000 	C:\Windows\system32\NSI.dll
0x000007fef91b0000 - 0x000007fef91eb000 	C:\Windows\system32\WINMM.dll
0x000007fefbc90000 - 0x000007fefbc9c000 	C:\Windows\system32\VERSION.dll
0x0000000076fd0000 - 0x0000000076fd7000 	C:\Windows\system32\PSAPI.DLL
0x0000000074920000 - 0x000000007492f000 	C:\Program Files\Java\jdk1.8.0_40\jre\bin\verify.dll
0x00000000748f0000 - 0x0000000074919000 	C:\Program Files\Java\jdk1.8.0_40\jre\bin\java.dll
0x00000000748d0000 - 0x00000000748e6000 	C:\Program Files\Java\jdk1.8.0_40\jre\bin\zip.dll
0x000007fefde90000 - 0x000007fefec19000 	C:\Windows\system32\SHELL32.dll
0x000007fefcf60000 - 0x000007fefd163000 	C:\Windows\system32\ole32.dll
0x000007fefcba0000 - 0x000007fefcbaf000 	C:\Windows\system32\profapi.dll
0x000007feeb450000 - 0x000007feeb575000 	C:\Windows\system32\dbghelp.dll

VM Arguments:
jvm_args: -Xmx1024M -Dfile.encoding=x-windows-950 -Duser.country=TW -Duser.language=zh -Duser.variant 
java_command: com.android.dx.command.Main --dex --output C:\Users\user\Documents\GitHub\FlaborRepeat\Repeat\app\build\intermediates\pre-dexed\debug\classes-b001ccc61ae20e416d0aa2545cf3fc8c6394d50d.jar C:\Users\user\Documents\GitHub\FlaborRepeat\Repeat\app\build\intermediates\exploded-aar\com.google.android.gms\play-services\6.5.87\jars\classes.jar
java_class_path (initial): C:\Users\user\AppData\Local\Android\sdk\build-tools\22.0.0\lib\dx.jar
Launcher Type: SUN_STANDARD

Environment Variables:
JAVA_HOME=C:\Program Files\Java\jdk1.8.0_40
CLASSPATH=C:\Program Files\Java\jdk1.8.0_40\lib;C:\Program Files\Java\jdk1.8.0_40\jre\lib
PATH=C:\Windows\system32;C:\Windows;C:\Windows\System32\Wbem;C:\Windows\System32\WindowsPowerShell\v1.0\;c:\Program Files (x86)\Microsoft SQL Server\110\Tools\Binn\;c:\Program Files\Microsoft SQL Server\110\Tools\Binn\;c:\Program Files\Microsoft SQL Server\110\DTS\Binn\;c:\Program Files (x86)\Microsoft SQL Server\110\Tools\Binn\ManagementStudio\;c:\Program Files (x86)\Microsoft SQL Server\110\DTS\Binn\;C:\Program Files (x86)\Skype\Phone\;C:\Program Files\TortoiseSVN\bin;C:\Program Files\Java\jdk1.8.0_40\bin;C:\Program Files (x86)\Windows Kits\8.1\Windows Performance Toolkit\;C:\Program Files (x86)\Microsoft SDKs\TypeScript\1.0\;C:\Program Files (x86)\MySQL\MySQL Fabric 1.5.4 & MySQL Utilities 1.5.4 1.5\;C:\Program Files (x86)\MySQL\MySQL Fabric 1.5.4 & MySQL Utilities 1.5.4 1.5\Doctrine extensions for PHP\;C:\AppServ\Apache2.2\bin;C:\AppServ\php5;C:\AppServ\MySQL\bin;C:\Users\user\Desktop\adt-bundle-windows-x86_64-20140702\sdk\platform-tools
USERNAME=user
OS=Windows_NT
PROCESSOR_IDENTIFIER=Intel64 Family 6 Model 15 Stepping 6, GenuineIntel



---------------  S Y S T E M  ---------------

OS: Windows 7 , 64 bit Build 7601 (6.1.7601.19018)

CPU:total 2 (2 cores per cpu, 1 threads per core) family 6 model 15 stepping 6, cmov, cx8, fxsr, mmx, sse, sse2, sse3, ssse3, tsc

Memory: 4k page, physical 3136568k(275600k free), swap 6271300k(1802636k free)

vm_info: Java HotSpot(TM) 64-Bit Server VM (25.40-b25) for windows-amd64 JRE (1.8.0_40-b25), built on Feb 10 2015 21:53:57 by "java_re" with MS VC++ 10.0 (VS2010)

time: Thu Dec 24 17:04:58 2015
elapsed time: 42 seconds (0d 0h 0m 42s)

